{"/Users/jingsun/Documents/GitHub/angular-apps/angular-apps/Assignment 2 and 3/src/jestGlobalMocks.ts": {"path":"/Users/jingsun/Documents/GitHub/angular-apps/angular-apps/Assignment 2 and 3/src/jestGlobalMocks.ts","statementMap":{"0":{"start":{"line":3,"column":13},"end":{"line":11,"column":1}},"1":{"start":{"line":4,"column":18},"end":{"line":4,"column":20}},"2":{"start":{"line":5,"column":4},"end":{"line":10,"column":6}},"3":{"start":{"line":6,"column":24},"end":{"line":6,"column":60}},"4":{"start":{"line":7,"column":33},"end":{"line":7,"column":59}},"5":{"start":{"line":8,"column":27},"end":{"line":8,"column":46}},"6":{"start":{"line":9,"column":21},"end":{"line":9,"column":33}},"7":{"start":{"line":13,"column":0},"end":{"line":13,"column":63}},"8":{"start":{"line":14,"column":0},"end":{"line":14,"column":65}},"9":{"start":{"line":15,"column":0},"end":{"line":17,"column":3}},"10":{"start":{"line":18,"column":0},"end":{"line":25,"column":3}},"11":{"start":{"line":20,"column":8},"end":{"line":23,"column":10}},"12":{"start":{"line":30,"column":0},"end":{"line":37,"column":3}},"13":{"start":{"line":32,"column":8},"end":{"line":35,"column":10}}},"fnMap":{"0":{"name":"(anonymous_0)","decl":{"start":{"line":3,"column":13},"end":{"line":null,"column":-1}},"loc":{"start":{"line":3,"column":13},"end":{"line":11,"column":1}}},"1":{"name":"(anonymous_1)","decl":{"start":{"line":6,"column":17},"end":{"line":6,"column":16}},"loc":{"start":{"line":6,"column":20},"end":{"line":6,"column":60}}},"2":{"name":"(anonymous_2)","decl":{"start":{"line":7,"column":17},"end":{"line":7,"column":17}},"loc":{"start":{"line":7,"column":28},"end":{"line":7,"column":59}}},"3":{"name":"(anonymous_3)","decl":{"start":{"line":8,"column":20},"end":{"line":8,"column":19}},"loc":{"start":{"line":8,"column":23},"end":{"line":8,"column":46}}},"4":{"name":"(anonymous_4)","decl":{"start":{"line":9,"column":15},"end":{"line":9,"column":20}},"loc":{"start":{"line":9,"column":15},"end":{"line":9,"column":33}}},"5":{"name":"(anonymous_5)","decl":{"start":{"line":19,"column":11},"end":{"line":null,"column":-1}},"loc":{"start":{"line":19,"column":11},"end":{"line":24,"column":5}}},"6":{"name":"(anonymous_6)","decl":{"start":{"line":31,"column":11},"end":{"line":null,"column":-1}},"loc":{"start":{"line":31,"column":11},"end":{"line":36,"column":5}}}},"branchMap":{"0":{"loc":{"start":{"line":6,"column":41},"end":{"line":6,"column":53}},"type":"cond-expr","locations":[{"start":{"line":6,"column":41},"end":{"line":6,"column":53}},{"start":{"line":6,"column":56},"end":{"line":6,"column":60}}]},"1":{"loc":{"start":{"line":7,"column":48},"end":{"line":7,"column":53}},"type":"binary-expr","locations":[{"start":{"line":7,"column":48},"end":{"line":7,"column":53}},{"start":{"line":7,"column":57},"end":{"line":7,"column":59}}]}},"s":{"0":4,"1":8,"2":8,"3":0,"4":0,"5":0,"6":0,"7":4,"8":4,"9":4,"10":4,"11":0,"12":4,"13":0},"f":{"0":8,"1":0,"2":0,"3":0,"4":0,"5":0,"6":0},"b":{"0":[0,0],"1":[0,0]}}
,"/Users/jingsun/Documents/GitHub/angular-apps/angular-apps/Assignment 2 and 3/src/setupJest.ts": {"path":"/Users/jingsun/Documents/GitHub/angular-apps/angular-apps/Assignment 2 and 3/src/setupJest.ts","statementMap":{"0":{"start":{"line":1,"column":0},"end":{"line":1,"column":29}},"1":{"start":{"line":2,"column":0},"end":{"line":2,"column":30}}},"fnMap":{},"branchMap":{},"s":{"0":4,"1":4},"f":{},"b":{}}
,"/Users/jingsun/Documents/GitHub/angular-apps/angular-apps/Assignment 2 and 3/src/app/hero.service.ts": {"path":"/Users/jingsun/Documents/GitHub/angular-apps/angular-apps/Assignment 2 and 3/src/app/hero.service.ts","statementMap":{"0":{"start":{"line":1,"column":0},"end":{"line":1,"column":42}},"1":{"start":{"line":2,"column":0},"end":{"line":2,"column":62}},"2":{"start":{"line":4,"column":0},"end":{"line":4,"column":37}},"3":{"start":{"line":5,"column":0},"end":{"line":5,"column":53}},"4":{"start":{"line":8,"column":0},"end":{"line":8,"column":50}},"5":{"start":{"line":10,"column":20},"end":{"line":12,"column":1}},"6":{"start":{"line":17,"column":0},"end":{"line":122,"column":0}},"7":{"start":{"line":22,"column":12},"end":{"line":22,"column":28}},"8":{"start":{"line":23,"column":12},"end":{"line":23,"column":42}},"9":{"start":{"line":19,"column":2},"end":{"line":19,"column":27}},"10":{"start":{"line":26,"column":2},"end":{"line":32,"column":3}},"11":{"start":{"line":26,"column":2},"end":{"line":32,"column":2}},"12":{"start":{"line":27,"column":4},"end":{"line":31,"column":8}},"13":{"start":{"line":29,"column":17},"end":{"line":29,"column":43}},"14":{"start":{"line":35,"column":2},"end":{"line":46,"column":3}},"15":{"start":{"line":35,"column":2},"end":{"line":46,"column":2}},"16":{"start":{"line":36,"column":19},"end":{"line":36,"column":45}},"17":{"start":{"line":37,"column":4},"end":{"line":45,"column":8}},"18":{"start":{"line":39,"column":22},"end":{"line":39,"column":31}},"19":{"start":{"line":41,"column":26},"end":{"line":41,"column":56}},"20":{"start":{"line":42,"column":10},"end":{"line":42,"column":47}},"21":{"start":{"line":49,"column":2},"end":{"line":55,"column":3}},"22":{"start":{"line":49,"column":2},"end":{"line":55,"column":2}},"23":{"start":{"line":50,"column":19},"end":{"line":50,"column":41}},"24":{"start":{"line":51,"column":4},"end":{"line":54,"column":6}},"25":{"start":{"line":52,"column":15},"end":{"line":52,"column":56}},"26":{"start":{"line":58,"column":2},"end":{"line":67,"column":3}},"27":{"start":{"line":58,"column":2},"end":{"line":67,"column":2}},"28":{"start":{"line":59,"column":4},"end":{"line":62,"column":5}},"29":{"start":{"line":61,"column":6},"end":{"line":61,"column":20}},"30":{"start":{"line":63,"column":4},"end":{"line":66,"column":6}},"31":{"start":{"line":64,"column":15},"end":{"line":64,"column":62}},"32":{"start":{"line":72,"column":2},"end":{"line":77,"column":3}},"33":{"start":{"line":72,"column":2},"end":{"line":77,"column":2}},"34":{"start":{"line":73,"column":4},"end":{"line":76,"column":6}},"35":{"start":{"line":74,"column":26},"end":{"line":74,"column":62}},"36":{"start":{"line":80,"column":2},"end":{"line":88,"column":3}},"37":{"start":{"line":80,"column":2},"end":{"line":88,"column":2}},"38":{"start":{"line":81,"column":15},"end":{"line":81,"column":56}},"39":{"start":{"line":82,"column":19},"end":{"line":82,"column":41}},"40":{"start":{"line":84,"column":4},"end":{"line":87,"column":6}},"41":{"start":{"line":85,"column":15},"end":{"line":85,"column":48}},"42":{"start":{"line":91,"column":2},"end":{"line":96,"column":3}},"43":{"start":{"line":91,"column":2},"end":{"line":96,"column":2}},"44":{"start":{"line":92,"column":4},"end":{"line":95,"column":6}},"45":{"start":{"line":93,"column":15},"end":{"line":93,"column":53}},"46":{"start":{"line":104,"column":2},"end":{"line":116,"column":3}},"47":{"start":{"line":104,"column":2},"end":{"line":116,"column":2}},"48":{"start":{"line":104,"column":18},"end":{"line":104,"column":41}},"49":{"start":{"line":105,"column":4},"end":{"line":115,"column":6}},"50":{"start":{"line":108,"column":6},"end":{"line":108,"column":27}},"51":{"start":{"line":111,"column":6},"end":{"line":111,"column":56}},"52":{"start":{"line":114,"column":6},"end":{"line":114,"column":29}},"53":{"start":{"line":119,"column":10},"end":{"line":121,"column":3}},"54":{"start":{"line":120,"column":4},"end":{"line":120,"column":58}},"55":{"start":{"line":17,"column":13},"end":{"line":122,"column":1}},"56":{"start":{"line":122,"column":0},"end":{"line":122,"column":1}},"57":{"start":{"line":17,"column":13},"end":{"line":17,"column":24}}},"fnMap":{"0":{"name":"(anonymous_2)","decl":{"start":{"line":17,"column":0},"end":{"line":null,"column":-1}},"loc":{"start":{"line":17,"column":0},"end":{"line":17,"column":-1}}},"1":{"name":"HeroService","decl":{"start":{"line":21,"column":2},"end":{"line":22,"column":11}},"loc":{"start":{"line":23,"column":42},"end":{"line":23,"column":47}}},"2":{"name":"(anonymous_4)","decl":{"start":{"line":26,"column":2},"end":{"line":null,"column":-1}},"loc":{"start":{"line":26,"column":2},"end":{"line":32,"column":3}}},"3":{"name":"(anonymous_5)","decl":{"start":{"line":29,"column":12},"end":{"line":29,"column":11}},"loc":{"start":{"line":29,"column":13},"end":{"line":29,"column":43}}},"4":{"name":"(anonymous_6)","decl":{"start":{"line":35,"column":2},"end":{"line":35,"column":20}},"loc":{"start":{"line":35,"column":31},"end":{"line":46,"column":3}}},"5":{"name":"(anonymous_7)","decl":{"start":{"line":39,"column":12},"end":{"line":39,"column":11}},"loc":{"start":{"line":39,"column":18},"end":{"line":39,"column":31}}},"6":{"name":"(anonymous_8)","decl":{"start":{"line":40,"column":12},"end":{"line":40,"column":11}},"loc":{"start":{"line":40,"column":13},"end":{"line":43,"column":9}}},"7":{"name":"(anonymous_9)","decl":{"start":{"line":49,"column":2},"end":{"line":49,"column":9}},"loc":{"start":{"line":49,"column":20},"end":{"line":55,"column":3}}},"8":{"name":"(anonymous_10)","decl":{"start":{"line":52,"column":10},"end":{"line":52,"column":9}},"loc":{"start":{"line":52,"column":11},"end":{"line":52,"column":56}}},"9":{"name":"(anonymous_11)","decl":{"start":{"line":58,"column":2},"end":{"line":58,"column":14}},"loc":{"start":{"line":58,"column":27},"end":{"line":67,"column":3}}},"10":{"name":"(anonymous_12)","decl":{"start":{"line":64,"column":10},"end":{"line":64,"column":9}},"loc":{"start":{"line":64,"column":11},"end":{"line":64,"column":62}}},"11":{"name":"(anonymous_13)","decl":{"start":{"line":72,"column":2},"end":{"line":72,"column":10}},"loc":{"start":{"line":72,"column":21},"end":{"line":77,"column":3}}},"12":{"name":"(anonymous_14)","decl":{"start":{"line":74,"column":10},"end":{"line":74,"column":10}},"loc":{"start":{"line":74,"column":21},"end":{"line":74,"column":62}}},"13":{"name":"(anonymous_15)","decl":{"start":{"line":80,"column":2},"end":{"line":80,"column":13}},"loc":{"start":{"line":80,"column":33},"end":{"line":88,"column":3}}},"14":{"name":"(anonymous_16)","decl":{"start":{"line":85,"column":10},"end":{"line":85,"column":9}},"loc":{"start":{"line":85,"column":11},"end":{"line":85,"column":48}}},"15":{"name":"(anonymous_17)","decl":{"start":{"line":91,"column":2},"end":{"line":91,"column":13}},"loc":{"start":{"line":91,"column":24},"end":{"line":96,"column":3}}},"16":{"name":"(anonymous_18)","decl":{"start":{"line":93,"column":10},"end":{"line":93,"column":9}},"loc":{"start":{"line":93,"column":11},"end":{"line":93,"column":53}}},"17":{"name":"(anonymous_19)","decl":{"start":{"line":104,"column":2},"end":{"line":104,"column":17}},"loc":{"start":{"line":104,"column":53},"end":{"line":116,"column":3}}},"18":{"name":"(anonymous_20)","decl":{"start":{"line":105,"column":11},"end":{"line":105,"column":11}},"loc":{"start":{"line":105,"column":22},"end":{"line":115,"column":5}}},"19":{"name":"(anonymous_21)","decl":{"start":{"line":119,"column":2},"end":{"line":119,"column":13}},"loc":{"start":{"line":119,"column":29},"end":{"line":121,"column":3}}}},"branchMap":{"0":{"loc":{"start":{"line":41,"column":30},"end":{"line":41,"column":39}},"type":"cond-expr","locations":[{"start":{"line":41,"column":30},"end":{"line":41,"column":39}},{"start":{"line":41,"column":42},"end":{"line":41,"column":56}}]},"1":{"loc":{"start":{"line":59,"column":4},"end":{"line":62,"column":5}},"type":"if","locations":[{"start":{"line":59,"column":4},"end":{"line":62,"column":5}},{"start":{"line":59,"column":4},"end":{"line":62,"column":5}}]},"2":{"loc":{"start":{"line":81,"column":42},"end":{"line":81,"column":46}},"type":"cond-expr","locations":[{"start":{"line":81,"column":42},"end":{"line":81,"column":46}},{"start":{"line":81,"column":49},"end":{"line":81,"column":56}}]},"3":{"loc":{"start":{"line":104,"column":18},"end":{"line":104,"column":41}},"type":"if","locations":[{"start":{"line":104,"column":18},"end":{"line":104,"column":41}},{"start":{"line":104,"column":18},"end":{"line":104,"column":41}}]},"4":{"loc":{"start":{"line":22,"column":28},"end":{"line":23,"column":27}},"type":"binary-expr","locations":[{"start":{"line":22,"column":28},"end":{"line":23,"column":27}},{"start":{"line":22,"column":28},"end":{"line":23,"column":27}}]},"5":{"loc":{"start":{"line":22,"column":18},"end":{"line":22,"column":28}},"type":"binary-expr","locations":[{"start":{"line":22,"column":18},"end":{"line":22,"column":28}}]},"6":{"loc":{"start":{"line":22,"column":28},"end":{"line":23,"column":42}},"type":"binary-expr","locations":[{"start":{"line":22,"column":28},"end":{"line":23,"column":42}},{"start":{"line":23,"column":42},"end":{"line":null,"column":-1}},{"start":{"line":23,"column":42},"end":{"line":null,"column":-1}}]},"7":{"loc":{"start":{"line":22,"column":28},"end":{"line":23,"column":42}},"type":"binary-expr","locations":[{"start":{"line":22,"column":28},"end":{"line":23,"column":42}},{"start":{"line":23,"column":28},"end":{"line":23,"column":42}}]}},"s":{"0":1,"1":1,"2":1,"3":1,"4":1,"5":1,"6":1,"7":8,"8":8,"9":8,"10":1,"11":1,"12":1,"13":1,"14":1,"15":0,"16":0,"17":0,"18":0,"19":0,"20":0,"21":1,"22":1,"23":1,"24":1,"25":1,"26":1,"27":3,"28":3,"29":2,"30":1,"31":1,"32":1,"33":1,"34":1,"35":1,"36":1,"37":1,"38":1,"39":1,"40":1,"41":1,"42":1,"43":1,"44":1,"45":1,"46":1,"47":6,"48":6,"49":6,"50":0,"51":0,"52":0,"53":1,"54":6,"55":1,"56":1,"57":1},"f":{"0":1,"1":8,"2":1,"3":1,"4":0,"5":0,"6":0,"7":1,"8":1,"9":3,"10":1,"11":1,"12":1,"13":1,"14":1,"15":1,"16":1,"17":6,"18":0,"19":6},"b":{"0":[0,0],"1":[2,1],"2":[0,1],"3":[0,6],"4":[1,0],"5":[1],"6":[1,1,0],"7":[1,1]}}
,"/Users/jingsun/Documents/GitHub/angular-apps/angular-apps/Assignment 2 and 3/src/app/in-memory-data.service.ts": {"path":"/Users/jingsun/Documents/GitHub/angular-apps/angular-apps/Assignment 2 and 3/src/app/in-memory-data.service.ts","statementMap":{"0":{"start":{"line":3,"column":0},"end":{"line":3,"column":42}},"1":{"start":{"line":8,"column":0},"end":{"line":33,"column":0}},"2":{"start":{"line":9,"column":2},"end":{"line":23,"column":3}},"3":{"start":{"line":10,"column":19},"end":{"line":21,"column":5}},"4":{"start":{"line":22,"column":4},"end":{"line":22,"column":20}},"5":{"start":{"line":30,"column":2},"end":{"line":32,"column":3}},"6":{"start":{"line":31,"column":4},"end":{"line":31,"column":81}},"7":{"start":{"line":31,"column":62},"end":{"line":31,"column":69}},"8":{"start":{"line":8,"column":13},"end":{"line":33,"column":1}},"9":{"start":{"line":33,"column":0},"end":{"line":33,"column":1}},"10":{"start":{"line":8,"column":13},"end":{"line":8,"column":32}}},"fnMap":{"0":{"name":"(anonymous_1)","decl":{"start":{"line":8,"column":0},"end":{"line":null,"column":-1}},"loc":{"start":{"line":8,"column":0},"end":{"line":8,"column":-1}}},"1":{"name":"(anonymous_3)","decl":{"start":{"line":9,"column":2},"end":{"line":null,"column":-1}},"loc":{"start":{"line":9,"column":2},"end":{"line":23,"column":3}}},"2":{"name":"(anonymous_4)","decl":{"start":{"line":30,"column":2},"end":{"line":30,"column":7}},"loc":{"start":{"line":30,"column":22},"end":{"line":32,"column":3}}},"3":{"name":"(anonymous_5)","decl":{"start":{"line":31,"column":54},"end":{"line":31,"column":53}},"loc":{"start":{"line":31,"column":58},"end":{"line":31,"column":69}}}},"branchMap":{"0":{"loc":{"start":{"line":31,"column":31},"end":{"line":31,"column":75}},"type":"cond-expr","locations":[{"start":{"line":31,"column":31},"end":{"line":31,"column":75}},{"start":{"line":31,"column":78},"end":{"line":31,"column":80}}]}},"s":{"0":1,"1":1,"2":1,"3":3,"4":3,"5":1,"6":1,"7":1,"8":1,"9":1,"10":1},"f":{"0":5,"1":3,"2":1,"3":1},"b":{"0":[1,0]}}
,"/Users/jingsun/Documents/GitHub/angular-apps/angular-apps/Assignment 2 and 3/src/app/message.service.ts": {"path":"/Users/jingsun/Documents/GitHub/angular-apps/angular-apps/Assignment 2 and 3/src/app/message.service.ts","statementMap":{"0":{"start":{"line":1,"column":0},"end":{"line":1,"column":42}},"1":{"start":{"line":6,"column":0},"end":{"line":17,"column":0}},"2":{"start":{"line":8,"column":2},"end":{"line":8,"column":26}},"3":{"start":{"line":10,"column":2},"end":{"line":12,"column":3}},"4":{"start":{"line":11,"column":4},"end":{"line":11,"column":32}},"5":{"start":{"line":14,"column":2},"end":{"line":16,"column":3}},"6":{"start":{"line":15,"column":4},"end":{"line":15,"column":23}},"7":{"start":{"line":6,"column":13},"end":{"line":17,"column":1}},"8":{"start":{"line":17,"column":0},"end":{"line":17,"column":1}},"9":{"start":{"line":6,"column":13},"end":{"line":6,"column":27}}},"fnMap":{"0":{"name":"(anonymous_1)","decl":{"start":{"line":6,"column":0},"end":{"line":null,"column":-1}},"loc":{"start":{"line":6,"column":0},"end":{"line":6,"column":-1}}},"1":{"name":"MessageService","decl":{"start":{"line":3,"column":0},"end":{"line":null,"column":-1}},"loc":{"start":{"line":3,"column":0},"end":{"line":17,"column":1}}},"2":{"name":"(anonymous_3)","decl":{"start":{"line":10,"column":2},"end":{"line":10,"column":5}},"loc":{"start":{"line":10,"column":21},"end":{"line":12,"column":3}}},"3":{"name":"(anonymous_4)","decl":{"start":{"line":14,"column":2},"end":{"line":null,"column":-1}},"loc":{"start":{"line":14,"column":2},"end":{"line":16,"column":3}}}},"branchMap":{},"s":{"0":3,"1":3,"2":13,"3":3,"4":9,"5":3,"6":2,"7":3,"8":3,"9":3},"f":{"0":3,"1":13,"2":9,"3":2},"b":{}}
,"/Users/jingsun/Documents/GitHub/angular-apps/angular-apps/Assignment 2 and 3/src/app/messages/messages.component.html": {"path":"/Users/jingsun/Documents/GitHub/angular-apps/angular-apps/Assignment 2 and 3/src/app/messages/messages.component.html","statementMap":{"0":{"start":{"line":1,"column":0},"end":{"line":1,"column":285}}},"fnMap":{},"branchMap":{},"s":{"0":1},"f":{},"b":{},"_coverageSchema":"332fd63041d2c1bcb487cc26dd0d5f7d97098a6c","hash":"c29798f9362536102be2551c17796a700f5d177d"}
,"/Users/jingsun/Documents/GitHub/angular-apps/angular-apps/Assignment 2 and 3/src/app/messages/messages.component.ts": {"path":"/Users/jingsun/Documents/GitHub/angular-apps/angular-apps/Assignment 2 and 3/src/app/messages/messages.component.ts","statementMap":{"0":{"start":{"line":1,"column":0},"end":{"line":1,"column":49}},"1":{"start":{"line":2,"column":0},"end":{"line":2,"column":51}},"2":{"start":{"line":9,"column":0},"end":{"line":16,"column":0}},"3":{"start":{"line":11,"column":21},"end":{"line":11,"column":51}},"4":{"start":{"line":13,"column":2},"end":{"line":14,"column":3}},"5":{"start":{"line":9,"column":13},"end":{"line":16,"column":1}},"6":{"start":{"line":16,"column":0},"end":{"line":16,"column":1}},"7":{"start":{"line":9,"column":13},"end":{"line":9,"column":30}}},"fnMap":{"0":{"name":"(anonymous_2)","decl":{"start":{"line":9,"column":0},"end":{"line":null,"column":-1}},"loc":{"start":{"line":9,"column":0},"end":{"line":9,"column":-1}}},"1":{"name":"MessagesComponent","decl":{"start":{"line":11,"column":2},"end":{"line":11,"column":20}},"loc":{"start":{"line":11,"column":51},"end":{"line":11,"column":55}}},"2":{"name":"(anonymous_4)","decl":{"start":{"line":13,"column":2},"end":{"line":null,"column":-1}},"loc":{"start":{"line":13,"column":2},"end":{"line":14,"column":3}}}},"branchMap":{"0":{"loc":{"start":{"line":11,"column":51},"end":{"line":null,"column":-1}},"type":"binary-expr","locations":[{"start":{"line":11,"column":51},"end":{"line":null,"column":-1}},{"start":{"line":11,"column":51},"end":{"line":null,"column":-1}}]},"1":{"loc":{"start":{"line":11,"column":37},"end":{"line":11,"column":51}},"type":"binary-expr","locations":[{"start":{"line":11,"column":37},"end":{"line":11,"column":51}}]}},"s":{"0":1,"1":1,"2":1,"3":2,"4":1,"5":1,"6":1,"7":1},"f":{"0":1,"1":2,"2":1},"b":{"0":[1,0],"1":[1]}}
}
